<?xml version="1.0" encoding="UTF-8"?>
<!-- Generated by org.testng.reporters.JUnitXMLReporter -->
<testsuite hostname="admin-PC" ignored="0" name="Default test" tests="3" failures="0" timestamp="06 May 2019 11:30:18 GMT" time="33.124" errors="0">
  <testcase name="Invalid_Login" time="2.706" classname="Habitos_QA_ERP.HBERP.Login"/>
  <testcase name="Invalid_Login1" time="1.949" classname="Habitos_QA_ERP.HBERP.Login"/>
  <testcase name="Valid_Login" time="10.928" classname="Habitos_QA_ERP.HBERP.Login"/>
</testsuite> <!-- Default test -->
